<?xml version="1.0" encoding="UTF-8"?>
<testng-results ignored="0" total="1" passed="1" failed="0" skipped="0">
  <reporter-output>
  </reporter-output>
  <suite started-at="2024-03-14T10:34:02 IST" name="Default suite" finished-at="2024-03-14T10:34:12 IST" duration-ms="9605">
    <groups>
    </groups>
    <test started-at="2024-03-14T10:34:02 IST" name="Default test" finished-at="2024-03-14T10:34:12 IST" duration-ms="9605">
      <class name="parallelexecution.Paralell2">
        <test-method signature="Tc2()[pri:0, instance:parallelexecution.Paralell2@54a7079e]" started-at="2024-03-14T10:34:02 IST" name="Tc2" finished-at="2024-03-14T10:34:12 IST" duration-ms="9560" status="PASS">
          <reporter-output>
          </reporter-output>
        </test-method> <!-- Tc2 -->
      </class> <!-- parallelexecution.Paralell2 -->
    </test> <!-- Default test -->
  </suite> <!-- Default suite -->
</testng-results>
